\BOOKMARK [1][-]{section.1}{Analysis Summary}{}% 1
\BOOKMARK [2][-]{subsection.1.1}{Encoding Summary}{section.1}% 2
\BOOKMARK [2][-]{subsection.1.2}{Decoding Summary}{section.1}% 3
\BOOKMARK [1][-]{section.2}{Complexity Analysis - \(Codec Name: HM\)}{}% 4
\BOOKMARK [2][-]{subsection.2.1}{HM ENCODER's Complexity}{section.2}% 5
\BOOKMARK [3][-]{subsubsection.2.1.1}{Config Name: encoder\137intra\137main.cfg, Class Name: CLASS\137A}{subsection.2.1}% 6
\BOOKMARK [3][-]{subsubsection.2.1.2}{Config Name: encoder\137intra\137main.cfg, Class Name: CLASS\137B}{subsection.2.1}% 7
\BOOKMARK [3][-]{subsubsection.2.1.3}{Config Name: encoder\137intra\137main.cfg, Class Name: CLASS\137C}{subsection.2.1}% 8
\BOOKMARK [3][-]{subsubsection.2.1.4}{Config Name: encoder\137lowdelay\137main.cfg, Class Name: CLASS\137A}{subsection.2.1}% 9
\BOOKMARK [3][-]{subsubsection.2.1.5}{Config Name: encoder\137lowdelay\137main.cfg, Class Name: CLASS\137B}{subsection.2.1}% 10
\BOOKMARK [3][-]{subsubsection.2.1.6}{Config Name: encoder\137lowdelay\137main.cfg, Class Name: CLASS\137C}{subsection.2.1}% 11
\BOOKMARK [3][-]{subsubsection.2.1.7}{Config Name: encoder\137randomaccess\137main.cfg, Class Name: CLASS\137A}{subsection.2.1}% 12
\BOOKMARK [3][-]{subsubsection.2.1.8}{Config Name: encoder\137randomaccess\137main.cfg, Class Name: CLASS\137B}{subsection.2.1}% 13
\BOOKMARK [3][-]{subsubsection.2.1.9}{Config Name: encoder\137randomaccess\137main.cfg, Class Name: CLASS\137C}{subsection.2.1}% 14
\BOOKMARK [2][-]{subsection.2.2}{HM DECODER's Complexity}{section.2}% 15
\BOOKMARK [3][-]{subsubsection.2.2.1}{Config Name: encoder\137intra\137main.cfg, Class Name: CLASS\137A}{subsection.2.2}% 16
\BOOKMARK [3][-]{subsubsection.2.2.2}{Config Name: encoder\137intra\137main.cfg, Class Name: CLASS\137B}{subsection.2.2}% 17
\BOOKMARK [3][-]{subsubsection.2.2.3}{Config Name: encoder\137intra\137main.cfg, Class Name: CLASS\137C}{subsection.2.2}% 18
\BOOKMARK [3][-]{subsubsection.2.2.4}{Config Name: encoder\137lowdelay\137main.cfg, Class Name: CLASS\137A}{subsection.2.2}% 19
\BOOKMARK [3][-]{subsubsection.2.2.5}{Config Name: encoder\137lowdelay\137main.cfg, Class Name: CLASS\137B}{subsection.2.2}% 20
\BOOKMARK [3][-]{subsubsection.2.2.6}{Config Name: encoder\137lowdelay\137main.cfg, Class Name: CLASS\137C}{subsection.2.2}% 21
\BOOKMARK [3][-]{subsubsection.2.2.7}{Config Name: encoder\137randomaccess\137main.cfg, Class Name: CLASS\137A}{subsection.2.2}% 22
\BOOKMARK [3][-]{subsubsection.2.2.8}{Config Name: encoder\137randomaccess\137main.cfg, Class Name: CLASS\137B}{subsection.2.2}% 23
\BOOKMARK [3][-]{subsubsection.2.2.9}{Config Name: encoder\137randomaccess\137main.cfg, Class Name: CLASS\137C}{subsection.2.2}% 24
